<?xml version="1.0" encoding="UTF-8"?>
<!-- Generated by org.testng.reporters.JUnitXMLReporter -->
<testsuite ignored="0" hostname="DESKTOP-DIMGNTL" failures="0" tests="10" name="Default test" time="54.518" errors="0" timestamp="2022-09-17T21:14:23 EDT">
  <testcase classname="demo.ECommerceApp" name="SearchAddSummerDress" time="4.947"/>
  <testcase classname="demo.ECommerceApp" name="AddProductsToBeCompared" time="7.352"/>
  <testcase classname="demo.ECommerceApp" name="ComparePricesAddToCart" time="5.643"/>
  <testcase classname="demo.ECommerceApp" name="Checkout" time="5.357"/>
  <testcase classname="demo.ECommerceApp" name="UpdatePersonalDetails" time="2.545"/>
  <testcase classname="demo.ECommerceApp" name="UpdateAddressDetails" time="2.78"/>
  <testcase classname="demo.ECommerceApp" name="UpdateShippingDetails" time="2.112"/>
  <testcase classname="demo.ECommerceApp" name="UpdatePaymentDetails" time="4.939"/>
  <testcase classname="demo.ECommerceApp" name="ViewOrderHistory" time="2.861"/>
  <testcase classname="demo.ECommerceApp" name="LogOut" time="4.504"/>
</testsuite> <!-- Default test -->
